<?xml version="1.0" encoding="UTF-8"?>
<testsuite xmlns:xsi="http://www.w3.org/2001/XMLSchema-instance" xsi:noNamespaceSchemaLocation="https://maven.apache.org/surefire/maven-surefire-plugin/xsd/surefire-test-report.xsd" name="TestSuite" time="28.73" tests="2" errors="0" skipped="0" failures="1">
  <properties>
    <property name="gopherProxySet" value="false"/>
    <property name="awt.toolkit" value="sun.lwawt.macosx.LWCToolkit"/>
    <property name="java.specification.version" value="10"/>
    <property name="file.encoding.pkg" value="sun.io"/>
    <property name="sun.cpu.isalist" value=""/>
    <property name="sun.jnu.encoding" value="UTF-8"/>
    <property name="java.class.path" value="/Users/kshitija/Documents/uiautomationframework/target/test-classes:/Users/kshitija/Documents/uiautomationframework/target/classes:/Users/kshitija/.m2/repository/org/testng/testng/6.9.10/testng-6.9.10.jar:/Users/kshitija/.m2/repository/com/beust/jcommander/1.48/jcommander-1.48.jar:/Users/kshitija/.m2/repository/org/beanshell/bsh/2.0b4/bsh-2.0b4.jar:/Users/kshitija/.m2/repository/org/seleniumhq/selenium/selenium-server/3.14.0/selenium-server-3.14.0.jar:/Users/kshitija/.m2/repository/org/seleniumhq/selenium/selenium-java/3.14.0/selenium-java-3.14.0.jar:/Users/kshitija/.m2/repository/org/seleniumhq/selenium/selenium-api/3.14.0/selenium-api-3.14.0.jar:/Users/kshitija/.m2/repository/org/seleniumhq/selenium/selenium-chrome-driver/3.14.0/selenium-chrome-driver-3.14.0.jar:/Users/kshitija/.m2/repository/org/seleniumhq/selenium/selenium-edge-driver/3.14.0/selenium-edge-driver-3.14.0.jar:/Users/kshitija/.m2/repository/org/seleniumhq/selenium/selenium-firefox-driver/3.14.0/selenium-firefox-driver-3.14.0.jar:/Users/kshitija/.m2/repository/org/seleniumhq/selenium/selenium-ie-driver/3.14.0/selenium-ie-driver-3.14.0.jar:/Users/kshitija/.m2/repository/org/seleniumhq/selenium/selenium-opera-driver/3.14.0/selenium-opera-driver-3.14.0.jar:/Users/kshitija/.m2/repository/org/seleniumhq/selenium/selenium-remote-driver/3.14.0/selenium-remote-driver-3.14.0.jar:/Users/kshitija/.m2/repository/org/seleniumhq/selenium/selenium-safari-driver/3.14.0/selenium-safari-driver-3.14.0.jar:/Users/kshitija/.m2/repository/org/seleniumhq/selenium/selenium-support/3.14.0/selenium-support-3.14.0.jar:/Users/kshitija/.m2/repository/net/bytebuddy/byte-buddy/1.8.15/byte-buddy-1.8.15.jar:/Users/kshitija/.m2/repository/org/apache/commons/commons-exec/1.3/commons-exec-1.3.jar:/Users/kshitija/.m2/repository/org/apache/commons/commons-lang3/3.7/commons-lang3-3.7.jar:/Users/kshitija/.m2/repository/org/apache/commons/commons-text/1.1/commons-text-1.1.jar:/Users/kshitija/.m2/repository/commons-codec/commons-codec/1.10/commons-codec-1.10.jar:/Users/kshitija/.m2/repository/commons-io/commons-io/2.6/commons-io-2.6.jar:/Users/kshitija/.m2/repository/commons-logging/commons-logging/1.2/commons-logging-1.2.jar:/Users/kshitija/.m2/repository/commons-net/commons-net/3.6/commons-net-3.6.jar:/Users/kshitija/.m2/repository/com/google/guava/guava/25.0-jre/guava-25.0-jre.jar:/Users/kshitija/.m2/repository/com/google/code/findbugs/jsr305/1.3.9/jsr305-1.3.9.jar:/Users/kshitija/.m2/repository/org/checkerframework/checker-compat-qual/2.0.0/checker-compat-qual-2.0.0.jar:/Users/kshitija/.m2/repository/com/google/errorprone/error_prone_annotations/2.1.3/error_prone_annotations-2.1.3.jar:/Users/kshitija/.m2/repository/com/google/j2objc/j2objc-annotations/1.1/j2objc-annotations-1.1.jar:/Users/kshitija/.m2/repository/org/codehaus/mojo/animal-sniffer-annotations/1.14/animal-sniffer-annotations-1.14.jar:/Users/kshitija/.m2/repository/net/sourceforge/htmlunit/htmlunit/2.30/htmlunit-2.30.jar:/Users/kshitija/.m2/repository/net/sourceforge/htmlunit/htmlunit-core-js/2.28/htmlunit-core-js-2.28.jar:/Users/kshitija/.m2/repository/net/sourceforge/htmlunit/htmlunit-cssparser/1.0.0/htmlunit-cssparser-1.0.0.jar:/Users/kshitija/.m2/repository/net/sourceforge/htmlunit/neko-htmlunit/2.30/neko-htmlunit-2.30.jar:/Users/kshitija/.m2/repository/org/apache/httpcomponents/httpclient/4.5.5/httpclient-4.5.5.jar:/Users/kshitija/.m2/repository/org/apache/httpcomponents/httpcore/4.4.9/httpcore-4.4.9.jar:/Users/kshitija/.m2/repository/org/apache/httpcomponents/httpmime/4.5.5/httpmime-4.5.5.jar:/Users/kshitija/.m2/repository/net/jcip/jcip-annotations/1.0/jcip-annotations-1.0.jar:/Users/kshitija/.m2/repository/org/seleniumhq/selenium/jetty-repacked/9.4.8.v20180619/jetty-repacked-9.4.8.v20180619.jar:/Users/kshitija/.m2/repository/org/eclipse/jetty/jetty-client/9.4.8.v20180619/jetty-client-9.4.8.v20180619.jar:/Users/kshitija/.m2/repository/org/eclipse/jetty/jetty-http/9.4.8.v20180619/jetty-http-9.4.8.v20180619.jar:/Users/kshitija/.m2/repository/org/eclipse/jetty/jetty-io/9.4.8.v20180619/jetty-io-9.4.8.v20180619.jar:/Users/kshitija/.m2/repository/org/eclipse/jetty/jetty-util/9.4.8.v20180619/jetty-util-9.4.8.v20180619.jar:/Users/kshitija/.m2/repository/org/eclipse/jetty/jetty-xml/9.4.8.v20180619/jetty-xml-9.4.8.v20180619.jar:/Users/kshitija/.m2/repository/com/squareup/okhttp3/okhttp/3.10.0/okhttp-3.10.0.jar:/Users/kshitija/.m2/repository/com/squareup/okio/okio/1.14.1/okio-1.14.1.jar:/Users/kshitija/.m2/repository/org/seleniumhq/selenium/htmlunit-driver/2.30.0/htmlunit-driver-2.30.0.jar:/Users/kshitija/.m2/repository/javax/servlet/javax.servlet-api/3.1.0/javax.servlet-api-3.1.0.jar:/Users/kshitija/.m2/repository/org/eclipse/jetty/websocket/websocket-api/9.4.8.v20180619/websocket-api-9.4.8.v20180619.jar:/Users/kshitija/.m2/repository/org/eclipse/jetty/websocket/websocket-client/9.4.8.v20180619/websocket-client-9.4.8.v20180619.jar:/Users/kshitija/.m2/repository/org/eclipse/jetty/websocket/websocket-common/9.4.8.v20180619/websocket-common-9.4.8.v20180619.jar:/Users/kshitija/.m2/repository/xalan/serializer/2.7.2/serializer-2.7.2.jar:/Users/kshitija/.m2/repository/xalan/xalan/2.7.2/xalan-2.7.2.jar:/Users/kshitija/.m2/repository/xerces/xercesImpl/2.11.0/xercesImpl-2.11.0.jar:/Users/kshitija/.m2/repository/xml-apis/xml-apis/1.4.01/xml-apis-1.4.01.jar:/Users/kshitija/.m2/repository/org/yaml/snakeyaml/1.19/snakeyaml-1.19.jar:/Users/kshitija/.m2/repository/org/apache/poi/poi/3.17/poi-3.17.jar:/Users/kshitija/.m2/repository/org/apache/commons/commons-collections4/4.1/commons-collections4-4.1.jar:/Users/kshitija/.m2/repository/org/apache/poi/poi-ooxml/3.17/poi-ooxml-3.17.jar:/Users/kshitija/.m2/repository/org/apache/poi/poi-ooxml-schemas/3.17/poi-ooxml-schemas-3.17.jar:/Users/kshitija/.m2/repository/org/apache/xmlbeans/xmlbeans/2.6.0/xmlbeans-2.6.0.jar:/Users/kshitija/.m2/repository/stax/stax-api/1.0.1/stax-api-1.0.1.jar:/Users/kshitija/.m2/repository/com/github/virtuald/curvesapi/1.04/curvesapi-1.04.jar:/Users/kshitija/.m2/repository/org/apache/poi/poi-scratchpad/3.17/poi-scratchpad-3.17.jar:/Users/kshitija/.m2/repository/org/apache/poi/poi-excelant/3.17/poi-excelant-3.17.jar:/Users/kshitija/.m2/repository/org/apache/ant/ant/1.8.2/ant-1.8.2.jar:/Users/kshitija/.m2/repository/org/apache/ant/ant-launcher/1.8.2/ant-launcher-1.8.2.jar:/Users/kshitija/.m2/repository/org/apache/poi/poi-examples/3.17/poi-examples-3.17.jar:/Users/kshitija/.m2/repository/io/selendroid/selendroid-client/0.17.0/selendroid-client-0.17.0.jar:/Users/kshitija/.m2/repository/io/selendroid/selendroid-common/0.17.0/selendroid-common-0.17.0.jar:/Users/kshitija/.m2/repository/io/selendroid/selendroid-server-common/0.17.0/selendroid-server-common-0.17.0.jar:/Users/kshitija/.m2/repository/io/netty/netty-all/4.0.21.Final/netty-all-4.0.21.Final.jar:/Users/kshitija/.m2/repository/io/selendroid/selendroid-standalone/0.17.0/selendroid-standalone-0.17.0.jar:/Users/kshitija/.m2/repository/org/json/json/20090211/json-20090211.jar:/Users/kshitija/.m2/repository/com/android/tools/ddms/ddmlib/23.0.1/ddmlib-23.0.1.jar:/Users/kshitija/.m2/repository/net/sf/kxml/kxml2/2.3.0/kxml2-2.3.0.jar:/Users/kshitija/.m2/repository/com/android/tools/common/23.0.1/common-23.0.1.jar:/Users/kshitija/.m2/repository/org/apache/commons/commons-compress/1.5/commons-compress-1.5.jar:/Users/kshitija/.m2/repository/org/tukaani/xz/1.2/xz-1.2.jar:/Users/kshitija/.m2/repository/log4j/log4j/1.2.17/log4j-1.2.17.jar:/Users/kshitija/.m2/repository/net/sourceforge/javacsv/javacsv/2.0/javacsv-2.0.jar:/Users/kshitija/.m2/repository/com/sun/mail/javax.mail/1.6.1/javax.mail-1.6.1.jar:/Users/kshitija/.m2/repository/javax/activation/activation/1.1/activation-1.1.jar:/Users/kshitija/.m2/repository/com/relevantcodes/extentreports/2.41.2/extentreports-2.41.2.jar:/Users/kshitija/.m2/repository/org/jsoup/jsoup/1.8.3/jsoup-1.8.3.jar:/Users/kshitija/.m2/repository/org/xerial/sqlite-jdbc/3.8.11.1/sqlite-jdbc-3.8.11.1.jar:/Users/kshitija/.m2/repository/org/freemarker/freemarker/2.3.23/freemarker-2.3.23.jar:/Users/kshitija/.m2/repository/org/mongodb/mongodb-driver/3.0.4/mongodb-driver-3.0.4.jar:/Users/kshitija/.m2/repository/org/mongodb/bson/3.0.4/bson-3.0.4.jar:/Users/kshitija/.m2/repository/org/mongodb/mongodb-driver-core/3.0.4/mongodb-driver-core-3.0.4.jar:/Users/kshitija/.m2/repository/io/github/bonigarcia/webdrivermanager/3.3.0/webdrivermanager-3.3.0.jar:/Users/kshitija/.m2/repository/org/slf4j/slf4j-api/1.7.25/slf4j-api-1.7.25.jar:/Users/kshitija/.m2/repository/com/google/code/gson/gson/2.8.5/gson-2.8.5.jar:/Users/kshitija/.m2/repository/org/rauschig/jarchivelib/1.0.0/jarchivelib-1.0.0.jar:"/>
    <property name="java.vm.vendor" value="&quot;Oracle Corporation&quot;"/>
    <property name="sun.arch.data.model" value="64"/>
    <property name="java.vendor.url" value="http://java.oracle.com/"/>
    <property name="user.timezone" value=""/>
    <property name="java.vm.specification.version" value="10"/>
    <property name="os.name" value="Mac OS X"/>
    <property name="sun.java.launcher" value="SUN_STANDARD"/>
    <property name="user.country" value="IN"/>
    <property name="sun.boot.library.path" value="/Library/Java/JavaVirtualMachines/jdk-10.0.2.jdk/Contents/Home/lib"/>
    <property name="sun.java.command" value="/Users/kshitija/Documents/uiautomationframework/target/surefire/surefirebooter10344184085575916299.jar /Users/kshitija/Documents/uiautomationframework/target/surefire 2020-11-04T11-15-37_139-jvmRun1 surefire8559089578421630080tmp surefire_018003429239422715250tmp"/>
    <property name="http.nonProxyHosts" value="local|*.local|169.254/16|*.169.254/16"/>
    <property name="jdk.debug" value="release"/>
    <property name="surefire.test.class.path" value="/Users/kshitija/Documents/uiautomationframework/target/test-classes:/Users/kshitija/Documents/uiautomationframework/target/classes:/Users/kshitija/.m2/repository/org/testng/testng/6.9.10/testng-6.9.10.jar:/Users/kshitija/.m2/repository/com/beust/jcommander/1.48/jcommander-1.48.jar:/Users/kshitija/.m2/repository/org/beanshell/bsh/2.0b4/bsh-2.0b4.jar:/Users/kshitija/.m2/repository/org/seleniumhq/selenium/selenium-server/3.14.0/selenium-server-3.14.0.jar:/Users/kshitija/.m2/repository/org/seleniumhq/selenium/selenium-java/3.14.0/selenium-java-3.14.0.jar:/Users/kshitija/.m2/repository/org/seleniumhq/selenium/selenium-api/3.14.0/selenium-api-3.14.0.jar:/Users/kshitija/.m2/repository/org/seleniumhq/selenium/selenium-chrome-driver/3.14.0/selenium-chrome-driver-3.14.0.jar:/Users/kshitija/.m2/repository/org/seleniumhq/selenium/selenium-edge-driver/3.14.0/selenium-edge-driver-3.14.0.jar:/Users/kshitija/.m2/repository/org/seleniumhq/selenium/selenium-firefox-driver/3.14.0/selenium-firefox-driver-3.14.0.jar:/Users/kshitija/.m2/repository/org/seleniumhq/selenium/selenium-ie-driver/3.14.0/selenium-ie-driver-3.14.0.jar:/Users/kshitija/.m2/repository/org/seleniumhq/selenium/selenium-opera-driver/3.14.0/selenium-opera-driver-3.14.0.jar:/Users/kshitija/.m2/repository/org/seleniumhq/selenium/selenium-remote-driver/3.14.0/selenium-remote-driver-3.14.0.jar:/Users/kshitija/.m2/repository/org/seleniumhq/selenium/selenium-safari-driver/3.14.0/selenium-safari-driver-3.14.0.jar:/Users/kshitija/.m2/repository/org/seleniumhq/selenium/selenium-support/3.14.0/selenium-support-3.14.0.jar:/Users/kshitija/.m2/repository/net/bytebuddy/byte-buddy/1.8.15/byte-buddy-1.8.15.jar:/Users/kshitija/.m2/repository/org/apache/commons/commons-exec/1.3/commons-exec-1.3.jar:/Users/kshitija/.m2/repository/org/apache/commons/commons-lang3/3.7/commons-lang3-3.7.jar:/Users/kshitija/.m2/repository/org/apache/commons/commons-text/1.1/commons-text-1.1.jar:/Users/kshitija/.m2/repository/commons-codec/commons-codec/1.10/commons-codec-1.10.jar:/Users/kshitija/.m2/repository/commons-io/commons-io/2.6/commons-io-2.6.jar:/Users/kshitija/.m2/repository/commons-logging/commons-logging/1.2/commons-logging-1.2.jar:/Users/kshitija/.m2/repository/commons-net/commons-net/3.6/commons-net-3.6.jar:/Users/kshitija/.m2/repository/com/google/guava/guava/25.0-jre/guava-25.0-jre.jar:/Users/kshitija/.m2/repository/com/google/code/findbugs/jsr305/1.3.9/jsr305-1.3.9.jar:/Users/kshitija/.m2/repository/org/checkerframework/checker-compat-qual/2.0.0/checker-compat-qual-2.0.0.jar:/Users/kshitija/.m2/repository/com/google/errorprone/error_prone_annotations/2.1.3/error_prone_annotations-2.1.3.jar:/Users/kshitija/.m2/repository/com/google/j2objc/j2objc-annotations/1.1/j2objc-annotations-1.1.jar:/Users/kshitija/.m2/repository/org/codehaus/mojo/animal-sniffer-annotations/1.14/animal-sniffer-annotations-1.14.jar:/Users/kshitija/.m2/repository/net/sourceforge/htmlunit/htmlunit/2.30/htmlunit-2.30.jar:/Users/kshitija/.m2/repository/net/sourceforge/htmlunit/htmlunit-core-js/2.28/htmlunit-core-js-2.28.jar:/Users/kshitija/.m2/repository/net/sourceforge/htmlunit/htmlunit-cssparser/1.0.0/htmlunit-cssparser-1.0.0.jar:/Users/kshitija/.m2/repository/net/sourceforge/htmlunit/neko-htmlunit/2.30/neko-htmlunit-2.30.jar:/Users/kshitija/.m2/repository/org/apache/httpcomponents/httpclient/4.5.5/httpclient-4.5.5.jar:/Users/kshitija/.m2/repository/org/apache/httpcomponents/httpcore/4.4.9/httpcore-4.4.9.jar:/Users/kshitija/.m2/repository/org/apache/httpcomponents/httpmime/4.5.5/httpmime-4.5.5.jar:/Users/kshitija/.m2/repository/net/jcip/jcip-annotations/1.0/jcip-annotations-1.0.jar:/Users/kshitija/.m2/repository/org/seleniumhq/selenium/jetty-repacked/9.4.8.v20180619/jetty-repacked-9.4.8.v20180619.jar:/Users/kshitija/.m2/repository/org/eclipse/jetty/jetty-client/9.4.8.v20180619/jetty-client-9.4.8.v20180619.jar:/Users/kshitija/.m2/repository/org/eclipse/jetty/jetty-http/9.4.8.v20180619/jetty-http-9.4.8.v20180619.jar:/Users/kshitija/.m2/repository/org/eclipse/jetty/jetty-io/9.4.8.v20180619/jetty-io-9.4.8.v20180619.jar:/Users/kshitija/.m2/repository/org/eclipse/jetty/jetty-util/9.4.8.v20180619/jetty-util-9.4.8.v20180619.jar:/Users/kshitija/.m2/repository/org/eclipse/jetty/jetty-xml/9.4.8.v20180619/jetty-xml-9.4.8.v20180619.jar:/Users/kshitija/.m2/repository/com/squareup/okhttp3/okhttp/3.10.0/okhttp-3.10.0.jar:/Users/kshitija/.m2/repository/com/squareup/okio/okio/1.14.1/okio-1.14.1.jar:/Users/kshitija/.m2/repository/org/seleniumhq/selenium/htmlunit-driver/2.30.0/htmlunit-driver-2.30.0.jar:/Users/kshitija/.m2/repository/javax/servlet/javax.servlet-api/3.1.0/javax.servlet-api-3.1.0.jar:/Users/kshitija/.m2/repository/org/eclipse/jetty/websocket/websocket-api/9.4.8.v20180619/websocket-api-9.4.8.v20180619.jar:/Users/kshitija/.m2/repository/org/eclipse/jetty/websocket/websocket-client/9.4.8.v20180619/websocket-client-9.4.8.v20180619.jar:/Users/kshitija/.m2/repository/org/eclipse/jetty/websocket/websocket-common/9.4.8.v20180619/websocket-common-9.4.8.v20180619.jar:/Users/kshitija/.m2/repository/xalan/serializer/2.7.2/serializer-2.7.2.jar:/Users/kshitija/.m2/repository/xalan/xalan/2.7.2/xalan-2.7.2.jar:/Users/kshitija/.m2/repository/xerces/xercesImpl/2.11.0/xercesImpl-2.11.0.jar:/Users/kshitija/.m2/repository/xml-apis/xml-apis/1.4.01/xml-apis-1.4.01.jar:/Users/kshitija/.m2/repository/org/yaml/snakeyaml/1.19/snakeyaml-1.19.jar:/Users/kshitija/.m2/repository/org/apache/poi/poi/3.17/poi-3.17.jar:/Users/kshitija/.m2/repository/org/apache/commons/commons-collections4/4.1/commons-collections4-4.1.jar:/Users/kshitija/.m2/repository/org/apache/poi/poi-ooxml/3.17/poi-ooxml-3.17.jar:/Users/kshitija/.m2/repository/org/apache/poi/poi-ooxml-schemas/3.17/poi-ooxml-schemas-3.17.jar:/Users/kshitija/.m2/repository/org/apache/xmlbeans/xmlbeans/2.6.0/xmlbeans-2.6.0.jar:/Users/kshitija/.m2/repository/stax/stax-api/1.0.1/stax-api-1.0.1.jar:/Users/kshitija/.m2/repository/com/github/virtuald/curvesapi/1.04/curvesapi-1.04.jar:/Users/kshitija/.m2/repository/org/apache/poi/poi-scratchpad/3.17/poi-scratchpad-3.17.jar:/Users/kshitija/.m2/repository/org/apache/poi/poi-excelant/3.17/poi-excelant-3.17.jar:/Users/kshitija/.m2/repository/org/apache/ant/ant/1.8.2/ant-1.8.2.jar:/Users/kshitija/.m2/repository/org/apache/ant/ant-launcher/1.8.2/ant-launcher-1.8.2.jar:/Users/kshitija/.m2/repository/org/apache/poi/poi-examples/3.17/poi-examples-3.17.jar:/Users/kshitija/.m2/repository/io/selendroid/selendroid-client/0.17.0/selendroid-client-0.17.0.jar:/Users/kshitija/.m2/repository/io/selendroid/selendroid-common/0.17.0/selendroid-common-0.17.0.jar:/Users/kshitija/.m2/repository/io/selendroid/selendroid-server-common/0.17.0/selendroid-server-common-0.17.0.jar:/Users/kshitija/.m2/repository/io/netty/netty-all/4.0.21.Final/netty-all-4.0.21.Final.jar:/Users/kshitija/.m2/repository/io/selendroid/selendroid-standalone/0.17.0/selendroid-standalone-0.17.0.jar:/Users/kshitija/.m2/repository/org/json/json/20090211/json-20090211.jar:/Users/kshitija/.m2/repository/com/android/tools/ddms/ddmlib/23.0.1/ddmlib-23.0.1.jar:/Users/kshitija/.m2/repository/net/sf/kxml/kxml2/2.3.0/kxml2-2.3.0.jar:/Users/kshitija/.m2/repository/com/android/tools/common/23.0.1/common-23.0.1.jar:/Users/kshitija/.m2/repository/org/apache/commons/commons-compress/1.5/commons-compress-1.5.jar:/Users/kshitija/.m2/repository/org/tukaani/xz/1.2/xz-1.2.jar:/Users/kshitija/.m2/repository/log4j/log4j/1.2.17/log4j-1.2.17.jar:/Users/kshitija/.m2/repository/net/sourceforge/javacsv/javacsv/2.0/javacsv-2.0.jar:/Users/kshitija/.m2/repository/com/sun/mail/javax.mail/1.6.1/javax.mail-1.6.1.jar:/Users/kshitija/.m2/repository/javax/activation/activation/1.1/activation-1.1.jar:/Users/kshitija/.m2/repository/com/relevantcodes/extentreports/2.41.2/extentreports-2.41.2.jar:/Users/kshitija/.m2/repository/org/jsoup/jsoup/1.8.3/jsoup-1.8.3.jar:/Users/kshitija/.m2/repository/org/xerial/sqlite-jdbc/3.8.11.1/sqlite-jdbc-3.8.11.1.jar:/Users/kshitija/.m2/repository/org/freemarker/freemarker/2.3.23/freemarker-2.3.23.jar:/Users/kshitija/.m2/repository/org/mongodb/mongodb-driver/3.0.4/mongodb-driver-3.0.4.jar:/Users/kshitija/.m2/repository/org/mongodb/bson/3.0.4/bson-3.0.4.jar:/Users/kshitija/.m2/repository/org/mongodb/mongodb-driver-core/3.0.4/mongodb-driver-core-3.0.4.jar:/Users/kshitija/.m2/repository/io/github/bonigarcia/webdrivermanager/3.3.0/webdrivermanager-3.3.0.jar:/Users/kshitija/.m2/repository/org/slf4j/slf4j-api/1.7.25/slf4j-api-1.7.25.jar:/Users/kshitija/.m2/repository/com/google/code/gson/gson/2.8.5/gson-2.8.5.jar:/Users/kshitija/.m2/repository/org/rauschig/jarchivelib/1.0.0/jarchivelib-1.0.0.jar:"/>
    <property name="sun.cpu.endian" value="little"/>
    <property name="user.home" value="/Users/kshitija"/>
    <property name="user.language" value="en"/>
    <property name="java.specification.vendor" value="Oracle Corporation"/>
    <property name="java.version.date" value="2018-07-17"/>
    <property name="java.home" value="/Library/Java/JavaVirtualMachines/jdk-10.0.2.jdk/Contents/Home"/>
    <property name="file.separator" value="/"/>
    <property name="basedir" value="/Users/kshitija/Documents/uiautomationframework"/>
    <property name="java.vm.compressedOopsMode" value="Zero based"/>
    <property name="line.separator" value="&#10;"/>
    <property name="java.specification.name" value="Java Platform API Specification"/>
    <property name="java.vm.specification.vendor" value="Oracle Corporation"/>
    <property name="java.awt.graphicsenv" value="sun.awt.CGraphicsEnvironment"/>
    <property name="surefire.real.class.path" value="/Users/kshitija/Documents/uiautomationframework/target/surefire/surefirebooter10344184085575916299.jar"/>
    <property name="sun.management.compiler" value="HotSpot 64-Bit Tiered Compilers"/>
    <property name="ftp.nonProxyHosts" value="local|*.local|169.254/16|*.169.254/16"/>
    <property name="java.runtime.version" value="10.0.2+13"/>
    <property name="user.name" value="kshitija"/>
    <property name="path.separator" value=":"/>
    <property name="os.version" value="10.13.6"/>
    <property name="java.runtime.name" value="Java(TM) SE Runtime Environment"/>
    <property name="file.encoding" value="UTF-8"/>
    <property name="java.vm.name" value="Java HotSpot(TM) 64-Bit Server VM"/>
    <property name="java.vendor.version" value="18.3"/>
    <property name="localRepository" value="/Users/kshitija/.m2/repository"/>
    <property name="java.vendor.url.bug" value="http://bugreport.java.com/bugreport/"/>
    <property name="java.io.tmpdir" value="/var/folders/qp/rvsjv1jj3ng3pqjpghkbpx3h0000gn/T/"/>
    <property name="java.version" value="10.0.2"/>
    <property name="user.dir" value="/Users/kshitija/Documents/uiautomationframework"/>
    <property name="os.arch" value="x86_64"/>
    <property name="java.vm.specification.name" value="Java Virtual Machine Specification"/>
    <property name="java.awt.printerjob" value="sun.lwawt.macosx.CPrinterJob"/>
    <property name="sun.os.patch.level" value="unknown"/>
    <property name="java.library.path" value="/Users/kshitija/Library/Java/Extensions:/Library/Java/Extensions:/Network/Library/Java/Extensions:/System/Library/Java/Extensions:/usr/lib/java:."/>
    <property name="java.vendor" value="Oracle Corporation"/>
    <property name="java.vm.info" value="mixed mode"/>
    <property name="java.vm.version" value="10.0.2+13"/>
    <property name="sun.io.unicode.encoding" value="UnicodeBig"/>
    <property name="java.class.version" value="54.0"/>
    <property name="socksNonProxyHosts" value="local|*.local|169.254/16|*.169.254/16"/>
  </properties>
  <testcase name="failedPayment" classname="tests.paymentTest" time="8.436"/>
  <testcase name="successfulPayment" classname="tests.paymentTest" time="8.136">
    <failure message="target frame detached&#10;  (Session info: chrome=86.0.4240.111)&#10;Build info: version: &apos;3.14.0&apos;, revision: &apos;aacccce0&apos;, time: &apos;2018-08-02T20:19:58.91Z&apos;&#10;System info: host: &apos;Kshitijas-MacBook-Air.local&apos;, ip: &apos;fe80:0:0:0:180e:58c1:98f5:8968%en0&apos;, os.name: &apos;Mac OS X&apos;, os.arch: &apos;x86_64&apos;, os.version: &apos;10.13.6&apos;, java.version: &apos;10.0.2&apos;&#10;Driver info: org.openqa.selenium.chrome.ChromeDriver&#10;Capabilities {acceptInsecureCerts: false, browserName: chrome, browserVersion: 86.0.4240.111, chrome: {chromedriverVersion: 86.0.4240.22 (398b0743353ff..., userDataDir: /var/folders/qp/rvsjv1jj3ng...}, goog:chromeOptions: {debuggerAddress: localhost:51409}, javascriptEnabled: true, networkConnectionEnabled: false, pageLoadStrategy: eager, platform: MAC, platformName: MAC, proxy: Proxy(), setWindowRect: true, strictFileInteractability: false, timeouts: {implicit: 0, pageLoad: 300000, script: 30000}, unhandledPromptBehavior: dismiss and notify, webauthn:virtualAuthenticators: true}&#10;Session ID: f4e4f0f544469f292a41491398033103&#10;*** Element info: {Using=id, value=PaRes}" type="org.openqa.selenium.WebDriverException">org.openqa.selenium.WebDriverException: 
target frame detached
  (Session info: chrome=86.0.4240.111)
Build info: version: '3.14.0', revision: 'aacccce0', time: '2018-08-02T20:19:58.91Z'
System info: host: 'Kshitijas-MacBook-Air.local', ip: 'fe80:0:0:0:180e:58c1:98f5:8968%en0', os.name: 'Mac OS X', os.arch: 'x86_64', os.version: '10.13.6', java.version: '10.0.2'
Driver info: org.openqa.selenium.chrome.ChromeDriver
Capabilities {acceptInsecureCerts: false, browserName: chrome, browserVersion: 86.0.4240.111, chrome: {chromedriverVersion: 86.0.4240.22 (398b0743353ff..., userDataDir: /var/folders/qp/rvsjv1jj3ng...}, goog:chromeOptions: {debuggerAddress: localhost:51409}, javascriptEnabled: true, networkConnectionEnabled: false, pageLoadStrategy: eager, platform: MAC, platformName: MAC, proxy: Proxy(), setWindowRect: true, strictFileInteractability: false, timeouts: {implicit: 0, pageLoad: 300000, script: 30000}, unhandledPromptBehavior: dismiss and notify, webauthn:virtualAuthenticators: true}
Session ID: f4e4f0f544469f292a41491398033103
*** Element info: {Using=id, value=PaRes}
	at tests.paymentTest.successfulPayment(paymentTest.java:31)
</failure>
    <system-out><![CDATA[Success Credit Card Payment
target frame detached

]]></system-out>
    <system-err><![CDATA[Starting ChromeDriver 86.0.4240.22 (398b0743353ff36fb1b82468f63a3a93b4e2e89e-refs/branch-heads/4240@{#378}) on port 6865
Only local connections are allowed.
Please see https://chromedriver.chromium.org/security-considerations for suggestions on keeping ChromeDriver safe.
ChromeDriver was started successfully.
Nov 04, 2020 11:15:55 AM org.openqa.selenium.remote.ProtocolHandshake createSession
INFO: Detected dialect: W3C
Nov 04, 2020 11:16:04 AM org.openqa.selenium.support.ui.ExpectedConditions findElement
WARNING: WebDriverException thrown by findElement(By.id: PaRes)
org.openqa.selenium.WebDriverException: target frame detached
  (Session info: chrome=86.0.4240.111)
Build info: version: '3.14.0', revision: 'aacccce0', time: '2018-08-02T20:19:58.91Z'
System info: host: 'Kshitijas-MacBook-Air.local', ip: 'fe80:0:0:0:180e:58c1:98f5:8968%en0', os.name: 'Mac OS X', os.arch: 'x86_64', os.version: '10.13.6', java.version: '10.0.2'
Driver info: org.openqa.selenium.chrome.ChromeDriver
Capabilities {acceptInsecureCerts: false, browserName: chrome, browserVersion: 86.0.4240.111, chrome: {chromedriverVersion: 86.0.4240.22 (398b0743353ff..., userDataDir: /var/folders/qp/rvsjv1jj3ng...}, goog:chromeOptions: {debuggerAddress: localhost:51409}, javascriptEnabled: true, networkConnectionEnabled: false, pageLoadStrategy: eager, platform: MAC, platformName: MAC, proxy: Proxy(), setWindowRect: true, strictFileInteractability: false, timeouts: {implicit: 0, pageLoad: 300000, script: 30000}, unhandledPromptBehavior: dismiss and notify, webauthn:virtualAuthenticators: true}
Session ID: f4e4f0f544469f292a41491398033103
*** Element info: {Using=id, value=PaRes}
	at java.base/jdk.internal.reflect.NativeConstructorAccessorImpl.newInstance0(Native Method)
	at java.base/jdk.internal.reflect.NativeConstructorAccessorImpl.newInstance(NativeConstructorAccessorImpl.java:62)
	at java.base/jdk.internal.reflect.DelegatingConstructorAccessorImpl.newInstance(DelegatingConstructorAccessorImpl.java:45)
	at java.base/java.lang.reflect.Constructor.newInstance(Constructor.java:488)
	at org.openqa.selenium.remote.http.W3CHttpResponseCodec.createException(W3CHttpResponseCodec.java:187)
	at org.openqa.selenium.remote.http.W3CHttpResponseCodec.decode(W3CHttpResponseCodec.java:122)
	at org.openqa.selenium.remote.http.W3CHttpResponseCodec.decode(W3CHttpResponseCodec.java:49)
	at org.openqa.selenium.remote.HttpCommandExecutor.execute(HttpCommandExecutor.java:158)
	at org.openqa.selenium.remote.service.DriverCommandExecutor.execute(DriverCommandExecutor.java:83)
	at org.openqa.selenium.remote.RemoteWebDriver.execute(RemoteWebDriver.java:548)
	at org.openqa.selenium.remote.RemoteWebDriver.findElements(RemoteWebDriver.java:349)
	at org.openqa.selenium.remote.RemoteWebDriver.findElementsById(RemoteWebDriver.java:372)
	at org.openqa.selenium.By$ById.findElements(By.java:180)
	at org.openqa.selenium.remote.RemoteWebDriver.findElements(RemoteWebDriver.java:310)
	at org.openqa.selenium.support.ui.ExpectedConditions.findElement(ExpectedConditions.java:895)
	at org.openqa.selenium.support.ui.ExpectedConditions.access$000(ExpectedConditions.java:44)
	at org.openqa.selenium.support.ui.ExpectedConditions$6.apply(ExpectedConditions.java:183)
	at org.openqa.selenium.support.ui.ExpectedConditions$6.apply(ExpectedConditions.java:180)
	at org.openqa.selenium.support.ui.FluentWait.until(FluentWait.java:260)
	at objectrepository.LaunchWebApp.commonFlow(LaunchWebApp.java:79)
	at pages.Payment.successFulPayment(Payment.java:20)
	at tests.paymentTest.successfulPayment(paymentTest.java:31)
	at java.base/jdk.internal.reflect.NativeMethodAccessorImpl.invoke0(Native Method)
	at java.base/jdk.internal.reflect.NativeMethodAccessorImpl.invoke(NativeMethodAccessorImpl.java:62)
	at java.base/jdk.internal.reflect.DelegatingMethodAccessorImpl.invoke(DelegatingMethodAccessorImpl.java:43)
	at java.base/java.lang.reflect.Method.invoke(Method.java:564)
	at org.testng.internal.MethodInvocationHelper.invokeMethod(MethodInvocationHelper.java:86)
	at org.testng.internal.Invoker.invokeMethod(Invoker.java:643)
	at org.testng.internal.Invoker.invokeTestMethod(Invoker.java:820)
	at org.testng.internal.Invoker.invokeTestMethods(Invoker.java:1128)
	at org.testng.internal.TestMethodWorker.invokeTestMethods(TestMethodWorker.java:129)
	at org.testng.internal.TestMethodWorker.run(TestMethodWorker.java:112)
	at org.testng.TestRunner.privateRun(TestRunner.java:782)
	at org.testng.TestRunner.run(TestRunner.java:632)
	at org.testng.SuiteRunner.runTest(SuiteRunner.java:366)
	at org.testng.SuiteRunner.runSequentially(SuiteRunner.java:361)
	at org.testng.SuiteRunner.privateRun(SuiteRunner.java:319)
	at org.testng.SuiteRunner.run(SuiteRunner.java:268)
	at org.testng.SuiteRunnerWorker.runSuite(SuiteRunnerWorker.java:52)
	at org.testng.SuiteRunnerWorker.run(SuiteRunnerWorker.java:86)
	at org.testng.TestNG.runSuitesSequentially(TestNG.java:1244)
	at org.testng.TestNG.runSuitesLocally(TestNG.java:1169)
	at org.testng.TestNG.run(TestNG.java:1064)
	at org.apache.maven.surefire.testng.TestNGExecutor.run(TestNGExecutor.java:283)
	at org.apache.maven.surefire.testng.TestNGXmlTestSuite.execute(TestNGXmlTestSuite.java:75)
	at org.apache.maven.surefire.testng.TestNGProvider.invoke(TestNGProvider.java:120)
	at org.apache.maven.surefire.booter.ForkedBooter.invokeProviderInSameClassLoader(ForkedBooter.java:384)
	at org.apache.maven.surefire.booter.ForkedBooter.runSuitesInProcess(ForkedBooter.java:345)
	at org.apache.maven.surefire.booter.ForkedBooter.execute(ForkedBooter.java:126)
	at org.apache.maven.surefire.booter.ForkedBooter.main(ForkedBooter.java:418)

]]></system-err>
  </testcase>
</testsuite>