<?xml version="1.0" encoding="UTF-8"?>
<!-- Generated by org.testng.reporters.JUnitReportReporter -->
<testsuite hostname="Kshitijas-MacBook-Air.local" failures="0" tests="2" name="tests.paymentTest" time="32.419" errors="0" timestamp="4 Nov 2020 05:46:55 GMT">
  <testcase classname="tests.paymentTest" name="successfulPayment" time="16.953"/>
  <testcase classname="tests.paymentTest" name="failedPayment" time="15.466"/>
</testsuite> <!-- tests.paymentTest -->
