<?xml version="1.0" encoding="UTF-8"?>
<!-- Generated by org.testng.reporters.JUnitReportReporter -->
<testsuite hostname="Kshitijas-MacBook-Air.local" failures="0" tests="1" name="tests.successfulPaymentTest" time="11.096" errors="0" timestamp="3 Nov 2020 13:23:24 GMT">
  <testcase classname="tests.successfulPaymentTest" name="validLogin" time="11.096"/>
</testsuite> <!-- tests.successfulPaymentTest -->
